proj.android/build/outputs/logs/manifest-merger-debug-report.txt
-- Merging decision tree log ---
manifest
ADDED from Match3\proj.android\AndroidManifest.xml:2:1-36:12
	package
		ADDED from Match3\proj.android\AndroidManifest.xml:3:7-35
	android:versionName
		ADDED from Match3\proj.android\AndroidManifest.xml:5:7-32
		INJECTED from Match3\proj.android\AndroidManifest.xml
		INJECTED from Match3\proj.android\AndroidManifest.xml
	android:versionCode
		ADDED from Match3\proj.android\AndroidManifest.xml:4:7-30
		INJECTED from Match3\proj.android\AndroidManifest.xml
		INJECTED from Match3\proj.android\AndroidManifest.xml
	xmlns:android
		ADDED from Match3\proj.android\AndroidManifest.xml:2:11-69
	android:installLocation
		ADDED from Match3\proj.android\AndroidManifest.xml:6:7-37
application
ADDED from Match3\proj.android\AndroidManifest.xml:8:5-25:19
	android:label
		ADDED from Match3\proj.android\AndroidManifest.xml:8:18-50
	android:hardwareAccelerated
		ADDED from Match3\proj.android\AndroidManifest.xml:12:18-52
	android:allowBackup
		ADDED from Match3\proj.android\AndroidManifest.xml:10:18-44
	android:icon
		ADDED from Match3\proj.android\AndroidManifest.xml:9:18-54
	android:theme
		ADDED from Match3\proj.android\AndroidManifest.xml:11:18-76
activity#org.oxygine.Match3.MainActivity
ADDED from Match3\proj.android\AndroidManifest.xml:14:9-24:20
	android:screenOrientation
		ADDED from Match3\proj.android\AndroidManifest.xml:18:19-55
	android:label
		ADDED from Match3\proj.android\AndroidManifest.xml:15:19-51
	android:configChanges
		ADDED from Match3\proj.android\AndroidManifest.xml:17:19-87
	android:theme
		ADDED from Match3\proj.android\AndroidManifest.xml:16:19-77
	android:name
		ADDED from Match3\proj.android\AndroidManifest.xml:14:19-65
intent-filter#android.intent.action.MAIN+android.intent.category.LAUNCHER
ADDED from Match3\proj.android\AndroidManifest.xml:20:13-23:29
action#android.intent.action.MAIN
ADDED from Match3\proj.android\AndroidManifest.xml:21:17-69
	android:name
		ADDED from Match3\proj.android\AndroidManifest.xml:21:25-66
category#android.intent.category.LAUNCHER
ADDED from Match3\proj.android\AndroidManifest.xml:22:17-77
	android:name
		ADDED from Match3\proj.android\AndroidManifest.xml:22:27-74
uses-sdk
ADDED from Match3\proj.android\AndroidManifest.xml:27:5-74
	android:targetSdkVersion
		ADDED from Match3\proj.android\AndroidManifest.xml:27:42-71
	android:minSdkVersion
		ADDED from Match3\proj.android\AndroidManifest.xml:27:15-41
uses-permission#android.permission.INTERNET
ADDED from Match3\proj.android\AndroidManifest.xml:29:5-67
	android:name
		ADDED from Match3\proj.android\AndroidManifest.xml:29:22-64
uses-permission#android.permission.WAKE_LOCK
ADDED from Match3\proj.android\AndroidManifest.xml:30:5-68
	android:name
		ADDED from Match3\proj.android\AndroidManifest.xml:30:22-65
uses-permission#android.permission.ACCESS_NETWORK_STATE
ADDED from Match3\proj.android\AndroidManifest.xml:31:5-78
MERGED from [proj.android:oxygine-lib:unspecified] AndroidManifest.xml:7:5-79
	android:name
		ADDED from Match3\proj.android\AndroidManifest.xml:31:22-76
uses-feature#0x00020000
ADDED from Match3\proj.android\AndroidManifest.xml:34:5-54
	android:glEsVersion
		ADDED from Match3\proj.android\AndroidManifest.xml:34:19-51
android:uses-permission#android.permission.WRITE_EXTERNAL_STORAGE
IMPLIED from Match3\proj.android\AndroidManifest.xml:2:1-36:12 reason: org.oxygine.lib.extension has a targetSdkVersion < 4
android:uses-permission#android.permission.READ_PHONE_STATE
IMPLIED from Match3\proj.android\AndroidManifest.xml:2:1-36:12 reason: org.oxygine.lib.extension has a targetSdkVersion < 4
android:uses-permission#android.permission.READ_EXTERNAL_STORAGE
IMPLIED from Match3\proj.android\AndroidManifest.xml:2:1-36:12 reason: org.oxygine.lib.extension requested WRITE_EXTERNAL_STORAGE